Started GET "/" for 127.0.0.1 at 2021-03-16 23:37:15 +0200
  [1m[35m (2.8ms)[0m  [1m[34mSELECT sqlite_version(*)[0m
Processing by Rails::WelcomeController#index as HTML
  Rendering /Library/Ruby/Gems/2.6.0/gems/railties-6.1.3/lib/rails/templates/rails/welcome/index.html.erb
  Rendered /Library/Ruby/Gems/2.6.0/gems/railties-6.1.3/lib/rails/templates/rails/welcome/index.html.erb (Duration: 11.8ms | Allocations: 516)
Completed 200 OK in 46ms (Views: 20.6ms | ActiveRecord: 0.0ms | Allocations: 4303)


Started GET "/" for 127.0.0.1 at 2021-03-16 23:37:57 +0200
  [1m[35m (1.0ms)[0m  [1m[34mSELECT sqlite_version(*)[0m
Processing by Rails::WelcomeController#index as HTML
  Rendering /Library/Ruby/Gems/2.6.0/gems/railties-6.1.3/lib/rails/templates/rails/welcome/index.html.erb
  Rendered /Library/Ruby/Gems/2.6.0/gems/railties-6.1.3/lib/rails/templates/rails/welcome/index.html.erb (Duration: 7.8ms | Allocations: 353)
Completed 200 OK in 33ms (Views: 12.3ms | ActiveRecord: 0.0ms | Allocations: 2644)


Started GET "/" for 127.0.0.1 at 2021-03-16 23:39:24 +0200
Processing by Rails::WelcomeController#index as HTML
  Rendering /Library/Ruby/Gems/2.6.0/gems/railties-6.1.3/lib/rails/templates/rails/welcome/index.html.erb
  Rendered /Library/Ruby/Gems/2.6.0/gems/railties-6.1.3/lib/rails/templates/rails/welcome/index.html.erb (Duration: 8.2ms | Allocations: 227)
Completed 200 OK in 12ms (Views: 9.7ms | Allocations: 867)


Started GET "/" for 127.0.0.1 at 2021-03-16 23:40:05 +0200
Processing by ApplicationController#hello as HTML
  Rendering html template
  Rendered html template (Duration: 0.1ms | Allocations: 28)
Completed 200 OK in 4ms (Views: 3.5ms | Allocations: 650)


  [1m[35m (1.2ms)[0m  [1m[34mSELECT sqlite_version(*)[0m
  [1m[35m (1.8ms)[0m  [1m[35mCREATE TABLE "schema_migrations" ("version" varchar NOT NULL PRIMARY KEY)[0m
  [1m[35m (1.3ms)[0m  [1m[35mCREATE TABLE "ar_internal_metadata" ("key" varchar NOT NULL PRIMARY KEY, "value" varchar, "created_at" datetime(6) NOT NULL, "updated_at" datetime(6) NOT NULL)[0m
  [1m[35m (0.2ms)[0m  [1m[34mSELECT "schema_migrations"."version" FROM "schema_migrations" ORDER BY "schema_migrations"."version" ASC[0m
Migrating to CreateUsers (20210316214219)
  [1m[36mTRANSACTION (0.1ms)[0m  [1m[36mbegin transaction[0m
  [1m[35m (0.4ms)[0m  [1m[35mCREATE TABLE "users" ("id" integer PRIMARY KEY AUTOINCREMENT NOT NULL, "name" varchar, "email" varchar, "created_at" datetime(6) NOT NULL, "updated_at" datetime(6) NOT NULL)[0m
  [1m[36mActiveRecord::SchemaMigration Create (0.2ms)[0m  [1m[32mINSERT INTO "schema_migrations" ("version") VALUES (?)[0m  [["version", "20210316214219"]]
  [1m[36mTRANSACTION (1.2ms)[0m  [1m[36mcommit transaction[0m
  [1m[36mActiveRecord::InternalMetadata Load (0.2ms)[0m  [1m[34mSELECT "ar_internal_metadata".* FROM "ar_internal_metadata" WHERE "ar_internal_metadata"."key" = ? LIMIT ?[0m  [["key", "environment"], ["LIMIT", 1]]
  [1m[36mTRANSACTION (0.0ms)[0m  [1m[36mbegin transaction[0m
  [1m[36mActiveRecord::InternalMetadata Create (0.4ms)[0m  [1m[32mINSERT INTO "ar_internal_metadata" ("key", "value", "created_at", "updated_at") VALUES (?, ?, ?, ?)[0m  [["key", "environment"], ["value", "development"], ["created_at", "2021-03-16 21:43:40.314070"], ["updated_at", "2021-03-16 21:43:40.314070"]]
  [1m[36mTRANSACTION (1.0ms)[0m  [1m[36mcommit transaction[0m
  [1m[35m (0.1ms)[0m  [1m[34mSELECT sqlite_version(*)[0m
  [1m[35m (0.2ms)[0m  [1m[34mSELECT "schema_migrations"."version" FROM "schema_migrations" ORDER BY "schema_migrations"."version" ASC[0m
Started GET "/" for 127.0.0.1 at 2021-03-17 00:11:40 +0200
  [1m[35m (0.1ms)[0m  [1m[34mSELECT sqlite_version(*)[0m
  [1m[35m (0.9ms)[0m  [1m[34mSELECT "schema_migrations"."version" FROM "schema_migrations" ORDER BY "schema_migrations"."version" ASC[0m
Processing by ApplicationController#hello as HTML
  Rendering html template
  Rendered html template (Duration: 0.1ms | Allocations: 27)
Completed 200 OK in 2ms (Views: 1.2ms | ActiveRecord: 0.0ms | Allocations: 427)


Started GET "/users" for 127.0.0.1 at 2021-03-17 00:33:16 +0200
Processing by UsersController#index as HTML
  Rendering layout layouts/application.html.erb
  Rendering users/index.html.erb within layouts/application
  [1m[35m (0.2ms)[0m  [1m[34mSELECT sqlite_version(*)[0m
  ↳ app/views/users/index.html.erb:15
  [1m[36mUser Load (0.5ms)[0m  [1m[34mSELECT "users".* FROM "users"[0m
  ↳ app/views/users/index.html.erb:15
  Rendered users/index.html.erb within layouts/application (Duration: 10.5ms | Allocations: 1755)
[Webpacker] Compiling...
[Webpacker] Compiled all packs in /Users/nyashachiwutsi/Documents/GitHub/toy_app/public/packs
[Webpacker] Hash: e332c6419728fac579d5
Version: webpack 4.46.0
Time: 2943ms
Built at: 03/17/2021 00:33:22
                                     Asset       Size       Chunks                         Chunk Names
    js/application-f826770d917d8a37c1d8.js    125 KiB  application  [emitted] [immutable]  application
js/application-f826770d917d8a37c1d8.js.map    139 KiB  application  [emitted] [dev]        application
                             manifest.json  364 bytes               [emitted]              
Entrypoint application = js/application-f826770d917d8a37c1d8.js js/application-f826770d917d8a37c1d8.js.map
[./app/javascript/channels sync recursive _channel\.js$] ./app/javascript/channels sync _channel\.js$ 160 bytes {application} [built]
[./app/javascript/channels/index.js] 211 bytes {application} [built]
[./app/javascript/packs/application.js] 492 bytes {application} [built]
[./node_modules/webpack/buildin/module.js] (webpack)/buildin/module.js 552 bytes {application} [built]
    + 3 hidden modules

  Rendered layout layouts/application.html.erb (Duration: 5929.4ms | Allocations: 22528)
Completed 200 OK in 5946ms (Views: 5935.2ms | ActiveRecord: 1.2ms | Allocations: 24035)


Started GET "/users/new" for 127.0.0.1 at 2021-03-17 00:33:30 +0200
Processing by UsersController#new as HTML
  Rendering layout layouts/application.html.erb
  Rendering users/new.html.erb within layouts/application
  Rendered users/_form.html.erb (Duration: 34.2ms | Allocations: 5209)
  Rendered users/new.html.erb within layouts/application (Duration: 36.9ms | Allocations: 5578)
[Webpacker] Everything's up-to-date. Nothing to do
  Rendered layout layouts/application.html.erb (Duration: 47.0ms | Allocations: 9184)
Completed 200 OK in 61ms (Views: 47.9ms | ActiveRecord: 1.4ms | Allocations: 13134)


Started POST "/users" for 127.0.0.1 at 2021-03-17 00:33:52 +0200
Processing by UsersController#create as HTML
  Parameters: {"authenticity_token"=>"[FILTERED]", "user"=>{"name"=>"Nyasha", "email"=>"nyasha@next45.co"}, "commit"=>"Create User"}
  [1m[36mTRANSACTION (0.2ms)[0m  [1m[36mbegin transaction[0m
  ↳ app/controllers/users_controller.rb:27:in `block in create'
  [1m[36mUser Create (3.1ms)[0m  [1m[32mINSERT INTO "users" ("name", "email", "created_at", "updated_at") VALUES (?, ?, ?, ?)[0m  [["name", "Nyasha"], ["email", "nyasha@next45.co"], ["created_at", "2021-03-16 22:33:52.059286"], ["updated_at", "2021-03-16 22:33:52.059286"]]
  ↳ app/controllers/users_controller.rb:27:in `block in create'
  [1m[36mTRANSACTION (2.0ms)[0m  [1m[36mcommit transaction[0m
  ↳ app/controllers/users_controller.rb:27:in `block in create'
Redirected to http://127.0.0.1:3000/users/1
Completed 302 Found in 22ms (ActiveRecord: 5.3ms | Allocations: 2675)


Started GET "/users/1" for 127.0.0.1 at 2021-03-17 00:33:52 +0200
Processing by UsersController#show as HTML
  Parameters: {"id"=>"1"}
  [1m[36mUser Load (0.3ms)[0m  [1m[34mSELECT "users".* FROM "users" WHERE "users"."id" = ? LIMIT ?[0m  [["id", 1], ["LIMIT", 1]]
  ↳ app/controllers/users_controller.rb:62:in `set_user'
  Rendering layout layouts/application.html.erb
  Rendering users/show.html.erb within layouts/application
  Rendered users/show.html.erb within layouts/application (Duration: 1.4ms | Allocations: 286)
[Webpacker] Everything's up-to-date. Nothing to do
  Rendered layout layouts/application.html.erb (Duration: 9.0ms | Allocations: 3838)
Completed 200 OK in 25ms (Views: 9.7ms | ActiveRecord: 0.3ms | Allocations: 8548)


Started GET "/users/1/edit" for 127.0.0.1 at 2021-03-17 00:33:55 +0200
Processing by UsersController#edit as HTML
  Parameters: {"id"=>"1"}
  [1m[36mUser Load (0.3ms)[0m  [1m[34mSELECT "users".* FROM "users" WHERE "users"."id" = ? LIMIT ?[0m  [["id", 1], ["LIMIT", 1]]
  ↳ app/controllers/users_controller.rb:62:in `set_user'
  Rendering layout layouts/application.html.erb
  Rendering users/edit.html.erb within layouts/application
  Rendered users/_form.html.erb (Duration: 2.3ms | Allocations: 752)
  Rendered users/edit.html.erb within layouts/application (Duration: 4.2ms | Allocations: 1030)
[Webpacker] Everything's up-to-date. Nothing to do
  Rendered layout layouts/application.html.erb (Duration: 14.8ms | Allocations: 4636)
Completed 200 OK in 21ms (Views: 15.8ms | ActiveRecord: 0.3ms | Allocations: 5707)


Started GET "/users" for 127.0.0.1 at 2021-03-17 00:33:58 +0200
Processing by UsersController#index as HTML
  Rendering layout layouts/application.html.erb
  Rendering users/index.html.erb within layouts/application
  [1m[36mUser Load (1.8ms)[0m  [1m[34mSELECT "users".* FROM "users"[0m
  ↳ app/views/users/index.html.erb:15
  Rendered users/index.html.erb within layouts/application (Duration: 5.7ms | Allocations: 818)
[Webpacker] Everything's up-to-date. Nothing to do
  Rendered layout layouts/application.html.erb (Duration: 29.2ms | Allocations: 4424)
Completed 200 OK in 34ms (Views: 30.5ms | ActiveRecord: 1.8ms | Allocations: 4824)


Started GET "/users/1" for 127.0.0.1 at 2021-03-17 00:35:09 +0200
Processing by UsersController#show as HTML
  Parameters: {"id"=>"1"}
  [1m[36mUser Load (0.7ms)[0m  [1m[34mSELECT "users".* FROM "users" WHERE "users"."id" = ? LIMIT ?[0m  [["id", 1], ["LIMIT", 1]]
  ↳ app/controllers/users_controller.rb:62:in `set_user'
  Rendering layout layouts/application.html.erb
  Rendering users/show.html.erb within layouts/application
  Rendered users/show.html.erb within layouts/application (Duration: 0.3ms | Allocations: 102)
[Webpacker] Everything's up-to-date. Nothing to do
  Rendered layout layouts/application.html.erb (Duration: 25.5ms | Allocations: 3707)
Completed 200 OK in 32ms (Views: 26.1ms | ActiveRecord: 0.7ms | Allocations: 4641)


Started GET "/users/1/edit" for 127.0.0.1 at 2021-03-17 00:38:07 +0200
Processing by UsersController#edit as HTML
  Parameters: {"id"=>"1"}
  [1m[36mUser Load (0.4ms)[0m  [1m[34mSELECT "users".* FROM "users" WHERE "users"."id" = ? LIMIT ?[0m  [["id", 1], ["LIMIT", 1]]
  ↳ app/controllers/users_controller.rb:62:in `set_user'
  Rendering layout layouts/application.html.erb
  Rendering users/edit.html.erb within layouts/application
  Rendered users/_form.html.erb (Duration: 6.1ms | Allocations: 722)
  Rendered users/edit.html.erb within layouts/application (Duration: 9.5ms | Allocations: 858)
[Webpacker] Everything's up-to-date. Nothing to do
  Rendered layout layouts/application.html.erb (Duration: 47.2ms | Allocations: 4462)
Completed 200 OK in 60ms (Views: 47.9ms | ActiveRecord: 0.4ms | Allocations: 5398)


Started GET "/users" for 127.0.0.1 at 2021-03-17 00:38:10 +0200
Processing by UsersController#index as HTML
  Rendering layout layouts/application.html.erb
  Rendering users/index.html.erb within layouts/application
  [1m[36mUser Load (0.2ms)[0m  [1m[34mSELECT "users".* FROM "users"[0m
  ↳ app/views/users/index.html.erb:15
  Rendered users/index.html.erb within layouts/application (Duration: 4.7ms | Allocations: 811)
[Webpacker] Everything's up-to-date. Nothing to do
  Rendered layout layouts/application.html.erb (Duration: 16.0ms | Allocations: 4417)
Completed 200 OK in 18ms (Views: 17.0ms | ActiveRecord: 0.2ms | Allocations: 4811)


Started DELETE "/users/1" for 127.0.0.1 at 2021-03-17 00:38:14 +0200
Processing by UsersController#destroy as HTML
  Parameters: {"authenticity_token"=>"[FILTERED]", "id"=>"1"}
  [1m[36mUser Load (0.2ms)[0m  [1m[34mSELECT "users".* FROM "users" WHERE "users"."id" = ? LIMIT ?[0m  [["id", 1], ["LIMIT", 1]]
  ↳ app/controllers/users_controller.rb:62:in `set_user'
  [1m[36mTRANSACTION (0.1ms)[0m  [1m[36mbegin transaction[0m
  ↳ app/controllers/users_controller.rb:52:in `destroy'
  [1m[36mUser Destroy (1.5ms)[0m  [1m[31mDELETE FROM "users" WHERE "users"."id" = ?[0m  [["id", 1]]
  ↳ app/controllers/users_controller.rb:52:in `destroy'
  [1m[36mTRANSACTION (1.4ms)[0m  [1m[36mcommit transaction[0m
  ↳ app/controllers/users_controller.rb:52:in `destroy'
Redirected to http://127.0.0.1:3000/users
Completed 302 Found in 15ms (ActiveRecord: 3.2ms | Allocations: 2633)


Started GET "/users" for 127.0.0.1 at 2021-03-17 00:38:14 +0200
Processing by UsersController#index as HTML
  Rendering layout layouts/application.html.erb
  Rendering users/index.html.erb within layouts/application
  [1m[36mUser Load (0.3ms)[0m  [1m[34mSELECT "users".* FROM "users"[0m
  ↳ app/views/users/index.html.erb:15
  Rendered users/index.html.erb within layouts/application (Duration: 4.6ms | Allocations: 710)
[Webpacker] Everything's up-to-date. Nothing to do
  Rendered layout layouts/application.html.erb (Duration: 14.6ms | Allocations: 4315)
Completed 200 OK in 17ms (Views: 15.2ms | ActiveRecord: 0.3ms | Allocations: 4715)


Started GET "/users/new" for 127.0.0.1 at 2021-03-17 00:42:46 +0200
Processing by UsersController#new as HTML
  Rendering layout layouts/application.html.erb
  Rendering users/new.html.erb within layouts/application
  Rendered users/_form.html.erb (Duration: 7.2ms | Allocations: 692)
  Rendered users/new.html.erb within layouts/application (Duration: 8.7ms | Allocations: 802)
[Webpacker] Everything's up-to-date. Nothing to do
  Rendered layout layouts/application.html.erb (Duration: 30.0ms | Allocations: 4406)
Completed 200 OK in 42ms (Views: 32.5ms | ActiveRecord: 0.0ms | Allocations: 4803)


Started POST "/users" for 127.0.0.1 at 2021-03-17 00:42:56 +0200
Processing by UsersController#create as HTML
  Parameters: {"authenticity_token"=>"[FILTERED]", "user"=>{"name"=>"Nyasha", "email"=>"nyasha@next45.co"}, "commit"=>"Create User"}
  [1m[36mTRANSACTION (0.6ms)[0m  [1m[36mbegin transaction[0m
  ↳ app/controllers/users_controller.rb:27:in `block in create'
  [1m[36mUser Create (0.9ms)[0m  [1m[32mINSERT INTO "users" ("name", "email", "created_at", "updated_at") VALUES (?, ?, ?, ?)[0m  [["name", "Nyasha"], ["email", "nyasha@next45.co"], ["created_at", "2021-03-16 22:42:56.313624"], ["updated_at", "2021-03-16 22:42:56.313624"]]
  ↳ app/controllers/users_controller.rb:27:in `block in create'
  [1m[36mTRANSACTION (2.0ms)[0m  [1m[36mcommit transaction[0m
  ↳ app/controllers/users_controller.rb:27:in `block in create'
Redirected to http://127.0.0.1:3000/users/2
Completed 302 Found in 28ms (ActiveRecord: 3.6ms | Allocations: 2417)


Started GET "/users/2" for 127.0.0.1 at 2021-03-17 00:42:56 +0200
Processing by UsersController#show as HTML
  Parameters: {"id"=>"2"}
  [1m[36mUser Load (0.3ms)[0m  [1m[34mSELECT "users".* FROM "users" WHERE "users"."id" = ? LIMIT ?[0m  [["id", 2], ["LIMIT", 1]]
  ↳ app/controllers/users_controller.rb:62:in `set_user'
  Rendering layout layouts/application.html.erb
  Rendering users/show.html.erb within layouts/application
  Rendered users/show.html.erb within layouts/application (Duration: 0.8ms | Allocations: 104)
[Webpacker] Everything's up-to-date. Nothing to do
  Rendered layout layouts/application.html.erb (Duration: 42.3ms | Allocations: 3710)
Completed 200 OK in 49ms (Views: 43.0ms | ActiveRecord: 0.3ms | Allocations: 4654)


Started GET "/users/2" for 127.0.0.1 at 2021-03-17 00:43:37 +0200
Processing by UsersController#show as HTML
  Parameters: {"id"=>"2"}
  [1m[36mUser Load (0.4ms)[0m  [1m[34mSELECT "users".* FROM "users" WHERE "users"."id" = ? LIMIT ?[0m  [["id", 2], ["LIMIT", 1]]
  ↳ app/controllers/users_controller.rb:62:in `set_user'
  Rendering layout layouts/application.html.erb
  Rendering users/show.html.erb within layouts/application
  Rendered users/show.html.erb within layouts/application (Duration: 0.5ms | Allocations: 102)
[Webpacker] Everything's up-to-date. Nothing to do
  Rendered layout layouts/application.html.erb (Duration: 16.5ms | Allocations: 3707)
Completed 200 OK in 23ms (Views: 17.5ms | ActiveRecord: 0.4ms | Allocations: 4641)


Started GET "/users" for 127.0.0.1 at 2021-03-17 00:45:04 +0200
Processing by UsersController#index as HTML
  Rendering layout layouts/application.html.erb
  Rendering users/index.html.erb within layouts/application
  [1m[36mUser Load (0.3ms)[0m  [1m[34mSELECT "users".* FROM "users"[0m
  ↳ app/views/users/index.html.erb:15
  Rendered users/index.html.erb within layouts/application (Duration: 8.6ms | Allocations: 811)
[Webpacker] Everything's up-to-date. Nothing to do
  Rendered layout layouts/application.html.erb (Duration: 20.5ms | Allocations: 4416)
Completed 200 OK in 23ms (Views: 21.6ms | ActiveRecord: 0.3ms | Allocations: 4810)


Started GET "/users/new" for 127.0.0.1 at 2021-03-17 00:45:05 +0200
Processing by UsersController#new as HTML
  Rendering layout layouts/application.html.erb
  Rendering users/new.html.erb within layouts/application
  Rendered users/_form.html.erb (Duration: 3.8ms | Allocations: 692)
  Rendered users/new.html.erb within layouts/application (Duration: 4.5ms | Allocations: 802)
[Webpacker] Everything's up-to-date. Nothing to do
  Rendered layout layouts/application.html.erb (Duration: 20.8ms | Allocations: 4406)
Completed 200 OK in 24ms (Views: 22.2ms | ActiveRecord: 0.0ms | Allocations: 4803)


Started POST "/users" for 127.0.0.1 at 2021-03-17 00:45:08 +0200
Processing by UsersController#create as HTML
  Parameters: {"authenticity_token"=>"[FILTERED]", "user"=>{"name"=>"Nono", "email"=>""}, "commit"=>"Create User"}
  [1m[36mTRANSACTION (0.2ms)[0m  [1m[36mbegin transaction[0m
  ↳ app/controllers/users_controller.rb:27:in `block in create'
  [1m[36mUser Create (0.8ms)[0m  [1m[32mINSERT INTO "users" ("name", "email", "created_at", "updated_at") VALUES (?, ?, ?, ?)[0m  [["name", "Nono"], ["email", ""], ["created_at", "2021-03-16 22:45:08.629776"], ["updated_at", "2021-03-16 22:45:08.629776"]]
  ↳ app/controllers/users_controller.rb:27:in `block in create'
  [1m[36mTRANSACTION (1.9ms)[0m  [1m[36mcommit transaction[0m
  ↳ app/controllers/users_controller.rb:27:in `block in create'
Redirected to http://127.0.0.1:3000/users/3
Completed 302 Found in 16ms (ActiveRecord: 2.8ms | Allocations: 2419)


Started GET "/users/3" for 127.0.0.1 at 2021-03-17 00:45:08 +0200
Processing by UsersController#show as HTML
  Parameters: {"id"=>"3"}
  [1m[36mUser Load (0.2ms)[0m  [1m[34mSELECT "users".* FROM "users" WHERE "users"."id" = ? LIMIT ?[0m  [["id", 3], ["LIMIT", 1]]
  ↳ app/controllers/users_controller.rb:62:in `set_user'
  Rendering layout layouts/application.html.erb
  Rendering users/show.html.erb within layouts/application
  Rendered users/show.html.erb within layouts/application (Duration: 0.5ms | Allocations: 104)
[Webpacker] Everything's up-to-date. Nothing to do
  Rendered layout layouts/application.html.erb (Duration: 8.9ms | Allocations: 3709)
Completed 200 OK in 14ms (Views: 9.6ms | ActiveRecord: 0.2ms | Allocations: 4651)


Started GET "/users" for 127.0.0.1 at 2021-03-17 00:45:32 +0200
Processing by UsersController#index as HTML
  Rendering layout layouts/application.html.erb
  Rendering users/index.html.erb within layouts/application
  [1m[36mUser Load (0.3ms)[0m  [1m[34mSELECT "users".* FROM "users"[0m
  ↳ app/views/users/index.html.erb:15
  Rendered users/index.html.erb within layouts/application (Duration: 4.7ms | Allocations: 914)
[Webpacker] Everything's up-to-date. Nothing to do
  Rendered layout layouts/application.html.erb (Duration: 15.5ms | Allocations: 4519)
Completed 200 OK in 18ms (Views: 16.4ms | ActiveRecord: 0.3ms | Allocations: 4912)


Started GET "/users/new" for 127.0.0.1 at 2021-03-17 00:45:33 +0200
Processing by UsersController#new as HTML
  Rendering layout layouts/application.html.erb
  Rendering users/new.html.erb within layouts/application
  Rendered users/_form.html.erb (Duration: 3.7ms | Allocations: 692)
  Rendered users/new.html.erb within layouts/application (Duration: 4.6ms | Allocations: 802)
[Webpacker] Everything's up-to-date. Nothing to do
  Rendered layout layouts/application.html.erb (Duration: 19.9ms | Allocations: 4406)
Completed 200 OK in 22ms (Views: 20.9ms | ActiveRecord: 0.0ms | Allocations: 4803)


Started POST "/users" for 127.0.0.1 at 2021-03-17 00:45:45 +0200
Processing by UsersController#create as HTML
  Parameters: {"authenticity_token"=>"[FILTERED]", "user"=>{"name"=>"Duane", "email"=>"noEmail"}, "commit"=>"Create User"}
  [1m[36mTRANSACTION (0.1ms)[0m  [1m[36mbegin transaction[0m
  ↳ app/controllers/users_controller.rb:27:in `block in create'
  [1m[36mUser Create (0.7ms)[0m  [1m[32mINSERT INTO "users" ("name", "email", "created_at", "updated_at") VALUES (?, ?, ?, ?)[0m  [["name", "Duane"], ["email", "noEmail"], ["created_at", "2021-03-16 22:45:45.605239"], ["updated_at", "2021-03-16 22:45:45.605239"]]
  ↳ app/controllers/users_controller.rb:27:in `block in create'
  [1m[36mTRANSACTION (2.2ms)[0m  [1m[36mcommit transaction[0m
  ↳ app/controllers/users_controller.rb:27:in `block in create'
Redirected to http://127.0.0.1:3000/users/4
Completed 302 Found in 16ms (ActiveRecord: 3.0ms | Allocations: 2417)


Started GET "/users/4" for 127.0.0.1 at 2021-03-17 00:45:45 +0200
Processing by UsersController#show as HTML
  Parameters: {"id"=>"4"}
  [1m[36mUser Load (0.2ms)[0m  [1m[34mSELECT "users".* FROM "users" WHERE "users"."id" = ? LIMIT ?[0m  [["id", 4], ["LIMIT", 1]]
  ↳ app/controllers/users_controller.rb:62:in `set_user'
  Rendering layout layouts/application.html.erb
  Rendering users/show.html.erb within layouts/application
  Rendered users/show.html.erb within layouts/application (Duration: 0.3ms | Allocations: 104)
[Webpacker] Everything's up-to-date. Nothing to do
  Rendered layout layouts/application.html.erb (Duration: 7.5ms | Allocations: 3709)
Completed 200 OK in 11ms (Views: 8.1ms | ActiveRecord: 0.2ms | Allocations: 4651)


Started GET "/users/4/edit" for 127.0.0.1 at 2021-03-17 00:46:24 +0200
Processing by UsersController#edit as HTML
  Parameters: {"id"=>"4"}
  [1m[36mUser Load (0.3ms)[0m  [1m[34mSELECT "users".* FROM "users" WHERE "users"."id" = ? LIMIT ?[0m  [["id", 4], ["LIMIT", 1]]
  ↳ app/controllers/users_controller.rb:62:in `set_user'
  Rendering layout layouts/application.html.erb
  Rendering users/edit.html.erb within layouts/application
  Rendered users/_form.html.erb (Duration: 3.4ms | Allocations: 722)
  Rendered users/edit.html.erb within layouts/application (Duration: 4.3ms | Allocations: 858)
[Webpacker] Everything's up-to-date. Nothing to do
  Rendered layout layouts/application.html.erb (Duration: 15.4ms | Allocations: 4462)
Completed 200 OK in 22ms (Views: 16.4ms | ActiveRecord: 0.3ms | Allocations: 5398)


Started GET "/users/4" for 127.0.0.1 at 2021-03-17 00:46:26 +0200
Processing by UsersController#show as HTML
  Parameters: {"id"=>"4"}
  [1m[36mUser Load (0.3ms)[0m  [1m[34mSELECT "users".* FROM "users" WHERE "users"."id" = ? LIMIT ?[0m  [["id", 4], ["LIMIT", 1]]
  ↳ app/controllers/users_controller.rb:62:in `set_user'
  Rendering layout layouts/application.html.erb
  Rendering users/show.html.erb within layouts/application
  Rendered users/show.html.erb within layouts/application (Duration: 0.5ms | Allocations: 102)
[Webpacker] Everything's up-to-date. Nothing to do
  Rendered layout layouts/application.html.erb (Duration: 20.7ms | Allocations: 3707)
Completed 200 OK in 29ms (Views: 21.8ms | ActiveRecord: 0.3ms | Allocations: 4643)


Started GET "/users" for 127.0.0.1 at 2021-03-17 00:46:28 +0200
Processing by UsersController#index as HTML
  Rendering layout layouts/application.html.erb
  Rendering users/index.html.erb within layouts/application
  [1m[36mUser Load (0.3ms)[0m  [1m[34mSELECT "users".* FROM "users"[0m
  ↳ app/views/users/index.html.erb:15
  Rendered users/index.html.erb within layouts/application (Duration: 5.8ms | Allocations: 1017)
[Webpacker] Everything's up-to-date. Nothing to do
  Rendered layout layouts/application.html.erb (Duration: 35.0ms | Allocations: 4622)
Completed 200 OK in 38ms (Views: 35.6ms | ActiveRecord: 0.3ms | Allocations: 5016)


Started DELETE "/users/4" for 127.0.0.1 at 2021-03-17 00:46:32 +0200
Processing by UsersController#destroy as HTML
  Parameters: {"authenticity_token"=>"[FILTERED]", "id"=>"4"}
  [1m[36mUser Load (0.4ms)[0m  [1m[34mSELECT "users".* FROM "users" WHERE "users"."id" = ? LIMIT ?[0m  [["id", 4], ["LIMIT", 1]]
  ↳ app/controllers/users_controller.rb:62:in `set_user'
  [1m[36mTRANSACTION (0.1ms)[0m  [1m[36mbegin transaction[0m
  ↳ app/controllers/users_controller.rb:52:in `destroy'
  [1m[36mUser Destroy (0.6ms)[0m  [1m[31mDELETE FROM "users" WHERE "users"."id" = ?[0m  [["id", 4]]
  ↳ app/controllers/users_controller.rb:52:in `destroy'
  [1m[36mTRANSACTION (2.0ms)[0m  [1m[36mcommit transaction[0m
  ↳ app/controllers/users_controller.rb:52:in `destroy'
Redirected to http://127.0.0.1:3000/users
Completed 302 Found in 16ms (ActiveRecord: 3.1ms | Allocations: 2612)


Started GET "/users" for 127.0.0.1 at 2021-03-17 00:46:32 +0200
Processing by UsersController#index as HTML
  Rendering layout layouts/application.html.erb
  Rendering users/index.html.erb within layouts/application
  [1m[36mUser Load (0.5ms)[0m  [1m[34mSELECT "users".* FROM "users"[0m
  ↳ app/views/users/index.html.erb:15
  Rendered users/index.html.erb within layouts/application (Duration: 5.7ms | Allocations: 916)
[Webpacker] Everything's up-to-date. Nothing to do
  Rendered layout layouts/application.html.erb (Duration: 17.7ms | Allocations: 4522)
Completed 200 OK in 20ms (Views: 18.4ms | ActiveRecord: 0.5ms | Allocations: 4921)


Started GET "/users" for 127.0.0.1 at 2021-03-17 00:48:28 +0200
Processing by UsersController#index as HTML
  Rendering layout layouts/application.html.erb
  Rendering users/index.html.erb within layouts/application
  [1m[35m (0.2ms)[0m  [1m[34mSELECT sqlite_version(*)[0m
  ↳ app/views/users/index.html.erb:15
  [1m[36mUser Load (0.2ms)[0m  [1m[34mSELECT "users".* FROM "users"[0m
  ↳ app/views/users/index.html.erb:15
  Rendered users/index.html.erb within layouts/application (Duration: 11.0ms | Allocations: 4532)
[Webpacker] Everything's up-to-date. Nothing to do
  Rendered layout layouts/application.html.erb (Duration: 18.2ms | Allocations: 8119)
Completed 200 OK in 22ms (Views: 19.6ms | ActiveRecord: 1.4ms | Allocations: 8972)


Started GET "/" for 127.0.0.1 at 2021-03-17 00:48:33 +0200
Processing by UsersController#index as HTML
  Rendering layout layouts/application.html.erb
  Rendering users/index.html.erb within layouts/application
  [1m[36mUser Load (0.4ms)[0m  [1m[34mSELECT "users".* FROM "users"[0m
  ↳ app/views/users/index.html.erb:15
  Rendered users/index.html.erb within layouts/application (Duration: 5.5ms | Allocations: 914)
[Webpacker] Everything's up-to-date. Nothing to do
  Rendered layout layouts/application.html.erb (Duration: 18.6ms | Allocations: 4519)
Completed 200 OK in 21ms (Views: 19.3ms | ActiveRecord: 0.4ms | Allocations: 4910)


  [1m[35m (0.9ms)[0m  [1m[34mSELECT sqlite_version(*)[0m
  [1m[35m (0.7ms)[0m  [1m[34mSELECT "schema_migrations"."version" FROM "schema_migrations" ORDER BY "schema_migrations"."version" ASC[0m
Migrating to CreateMicroposts (20210317000318)
  [1m[36mTRANSACTION (0.1ms)[0m  [1m[36mbegin transaction[0m
  [1m[35m (0.5ms)[0m  [1m[35mCREATE TABLE "microposts" ("id" integer PRIMARY KEY AUTOINCREMENT NOT NULL, "content" text, "user_id" integer, "created_at" datetime(6) NOT NULL, "updated_at" datetime(6) NOT NULL)[0m
  [1m[36mActiveRecord::SchemaMigration Create (0.6ms)[0m  [1m[32mINSERT INTO "schema_migrations" ("version") VALUES (?)[0m  [["version", "20210317000318"]]
  [1m[36mTRANSACTION (2.3ms)[0m  [1m[36mcommit transaction[0m
  [1m[36mActiveRecord::InternalMetadata Load (1.0ms)[0m  [1m[34mSELECT "ar_internal_metadata".* FROM "ar_internal_metadata" WHERE "ar_internal_metadata"."key" = ? LIMIT ?[0m  [["key", "environment"], ["LIMIT", 1]]
  [1m[35m (0.0ms)[0m  [1m[34mSELECT sqlite_version(*)[0m
  [1m[35m (0.1ms)[0m  [1m[34mSELECT "schema_migrations"."version" FROM "schema_migrations" ORDER BY "schema_migrations"."version" ASC[0m
Started GET "/" for 127.0.0.1 at 2021-03-17 02:06:40 +0200
  [1m[35m (0.1ms)[0m  [1m[34mSELECT sqlite_version(*)[0m
  [1m[35m (1.1ms)[0m  [1m[34mSELECT "schema_migrations"."version" FROM "schema_migrations" ORDER BY "schema_migrations"."version" ASC[0m
Processing by UsersController#index as HTML
  Rendering layout layouts/application.html.erb
  Rendering users/index.html.erb within layouts/application
  [1m[36mUser Load (0.8ms)[0m  [1m[34mSELECT "users".* FROM "users"[0m
  ↳ app/views/users/index.html.erb:15
  Rendered users/index.html.erb within layouts/application (Duration: 8.7ms | Allocations: 3660)
[Webpacker] Everything's up-to-date. Nothing to do
  Rendered layout layouts/application.html.erb (Duration: 62.0ms | Allocations: 16649)
Completed 200 OK in 70ms (Views: 63.8ms | ActiveRecord: 0.8ms | Allocations: 18113)


Started GET "/microposts" for 127.0.0.1 at 2021-03-17 02:06:46 +0200
Processing by MicropostsController#index as HTML
  Rendering layout layouts/application.html.erb
  Rendering microposts/index.html.erb within layouts/application
  [1m[36mMicropost Load (0.7ms)[0m  [1m[34mSELECT "microposts".* FROM "microposts"[0m
  ↳ app/views/microposts/index.html.erb:15
  Rendered microposts/index.html.erb within layouts/application (Duration: 6.8ms | Allocations: 993)
[Webpacker] Everything's up-to-date. Nothing to do
  Rendered layout layouts/application.html.erb (Duration: 18.5ms | Allocations: 4678)
Completed 200 OK in 28ms (Views: 21.4ms | ActiveRecord: 0.7ms | Allocations: 5845)


Started GET "/microposts/new" for 127.0.0.1 at 2021-03-17 02:06:49 +0200
Processing by MicropostsController#new as HTML
  Rendering layout layouts/application.html.erb
  Rendering microposts/new.html.erb within layouts/application
  Rendered microposts/_form.html.erb (Duration: 15.9ms | Allocations: 1526)
  Rendered microposts/new.html.erb within layouts/application (Duration: 18.6ms | Allocations: 1887)
[Webpacker] Everything's up-to-date. Nothing to do
  Rendered layout layouts/application.html.erb (Duration: 27.4ms | Allocations: 5569)
Completed 200 OK in 41ms (Views: 28.2ms | ActiveRecord: 2.0ms | Allocations: 8821)


Started POST "/microposts" for 127.0.0.1 at 2021-03-17 02:07:05 +0200
Processing by MicropostsController#create as HTML
  Parameters: {"authenticity_token"=>"[FILTERED]", "micropost"=>{"content"=>"hello!", "user_id"=>"1"}, "commit"=>"Create Micropost"}
  [1m[36mTRANSACTION (0.2ms)[0m  [1m[36mbegin transaction[0m
  ↳ app/controllers/microposts_controller.rb:27:in `block in create'
  [1m[36mMicropost Create (1.4ms)[0m  [1m[32mINSERT INTO "microposts" ("content", "user_id", "created_at", "updated_at") VALUES (?, ?, ?, ?)[0m  [["content", "hello!"], ["user_id", 1], ["created_at", "2021-03-17 00:07:05.357718"], ["updated_at", "2021-03-17 00:07:05.357718"]]
  ↳ app/controllers/microposts_controller.rb:27:in `block in create'
  [1m[36mTRANSACTION (2.4ms)[0m  [1m[36mcommit transaction[0m
  ↳ app/controllers/microposts_controller.rb:27:in `block in create'
Redirected to http://127.0.0.1:3000/microposts/1
Completed 302 Found in 21ms (ActiveRecord: 4.0ms | Allocations: 2456)


Started GET "/microposts/1" for 127.0.0.1 at 2021-03-17 02:07:05 +0200
Processing by MicropostsController#show as HTML
  Parameters: {"id"=>"1"}
  [1m[36mMicropost Load (0.3ms)[0m  [1m[34mSELECT "microposts".* FROM "microposts" WHERE "microposts"."id" = ? LIMIT ?[0m  [["id", 1], ["LIMIT", 1]]
  ↳ app/controllers/microposts_controller.rb:62:in `set_micropost'
  Rendering layout layouts/application.html.erb
  Rendering microposts/show.html.erb within layouts/application
  Rendered microposts/show.html.erb within layouts/application (Duration: 1.3ms | Allocations: 287)
[Webpacker] Everything's up-to-date. Nothing to do
  Rendered layout layouts/application.html.erb (Duration: 9.8ms | Allocations: 3973)
Completed 200 OK in 16ms (Views: 10.6ms | ActiveRecord: 0.3ms | Allocations: 5162)


Started GET "/microposts" for 127.0.0.1 at 2021-03-17 02:07:09 +0200
Processing by MicropostsController#index as HTML
  Rendering layout layouts/application.html.erb
  Rendering microposts/index.html.erb within layouts/application
  [1m[36mMicropost Load (0.3ms)[0m  [1m[34mSELECT "microposts".* FROM "microposts"[0m
  ↳ app/views/microposts/index.html.erb:15
  Rendered microposts/index.html.erb within layouts/application (Duration: 4.4ms | Allocations: 813)
[Webpacker] Everything's up-to-date. Nothing to do
  Rendered layout layouts/application.html.erb (Duration: 15.7ms | Allocations: 4495)
Completed 200 OK in 18ms (Views: 16.3ms | ActiveRecord: 0.3ms | Allocations: 4889)


Started GET "/microposts" for 127.0.0.1 at 2021-03-17 02:16:56 +0200
Processing by MicropostsController#index as HTML
  Rendering layout layouts/application.html.erb
  Rendering microposts/index.html.erb within layouts/application
  [1m[35m (0.2ms)[0m  [1m[34mSELECT sqlite_version(*)[0m
  ↳ app/views/microposts/index.html.erb:15
  [1m[36mMicropost Load (0.7ms)[0m  [1m[34mSELECT "microposts".* FROM "microposts"[0m
  ↳ app/views/microposts/index.html.erb:15
  Rendered microposts/index.html.erb within layouts/application (Duration: 15.0ms | Allocations: 4004)
[Webpacker] Everything's up-to-date. Nothing to do
  Rendered layout layouts/application.html.erb (Duration: 32.0ms | Allocations: 7668)
Completed 200 OK in 44ms (Views: 33.5ms | ActiveRecord: 1.4ms | Allocations: 8639)


Started GET "/microposts/new" for 127.0.0.1 at 2021-03-17 02:17:14 +0200
Processing by MicropostsController#new as HTML
  Rendering layout layouts/application.html.erb
  Rendering microposts/new.html.erb within layouts/application
  Rendered microposts/_form.html.erb (Duration: 4.1ms | Allocations: 700)
  Rendered microposts/new.html.erb within layouts/application (Duration: 5.4ms | Allocations: 810)
[Webpacker] Everything's up-to-date. Nothing to do
  Rendered layout layouts/application.html.erb (Duration: 16.3ms | Allocations: 4491)
Completed 200 OK in 19ms (Views: 17.6ms | ActiveRecord: 0.0ms | Allocations: 4888)


Started POST "/microposts" for 127.0.0.1 at 2021-03-17 02:17:42 +0200
Processing by MicropostsController#create as HTML
  Parameters: {"authenticity_token"=>"[FILTERED]", "micropost"=>{"content"=>"Lorem ipsum dolor sit amet, consectetur adipiscing elit, sed do eiusmod tempor incididunt ut labore et dolore magna aliqua. Ut enim ad minim veniam, quis nostrud exercitation ullamco laboris nisi ut aliquip ex ea commodo consequat. Duis aute irure dolor in reprehenderit in voluptate velit esse cillum dolore eu fugiat nulla pariatur. Excepteur sint occaecat cupidatat non proident, sunt in culpa qui officia deserunt mollit anim id est laborum.", "user_id"=>"1"}, "commit"=>"Create Micropost"}
  Rendering layout layouts/application.html.erb
  Rendering microposts/new.html.erb within layouts/application
  Rendered microposts/_form.html.erb (Duration: 8.4ms | Allocations: 1772)
  Rendered microposts/new.html.erb within layouts/application (Duration: 8.8ms | Allocations: 1882)
[Webpacker] Everything's up-to-date. Nothing to do
  Rendered layout layouts/application.html.erb (Duration: 25.7ms | Allocations: 5502)
Completed 422 Unprocessable Entity in 34ms (Views: 28.2ms | ActiveRecord: 0.0ms | Allocations: 6568)


Started GET "/microposts" for 127.0.0.1 at 2021-03-17 02:19:09 +0200
Processing by MicropostsController#index as HTML
  Rendering layout layouts/application.html.erb
  Rendering microposts/index.html.erb within layouts/application
  [1m[35m (0.1ms)[0m  [1m[34mSELECT sqlite_version(*)[0m
  ↳ app/views/microposts/index.html.erb:15
  [1m[36mMicropost Load (0.4ms)[0m  [1m[34mSELECT "microposts".* FROM "microposts"[0m
  ↳ app/views/microposts/index.html.erb:15
  Rendered microposts/index.html.erb within layouts/application (Duration: 12.3ms | Allocations: 4411)
[Webpacker] Everything's up-to-date. Nothing to do
  Rendered layout layouts/application.html.erb (Duration: 27.0ms | Allocations: 8076)
Completed 200 OK in 42ms (Views: 28.5ms | ActiveRecord: 1.4ms | Allocations: 9966)


Started GET "/microposts/new" for 127.0.0.1 at 2021-03-17 02:19:10 +0200
Processing by MicropostsController#new as HTML
  Rendering layout layouts/application.html.erb
  Rendering microposts/new.html.erb within layouts/application
  Rendered microposts/_form.html.erb (Duration: 5.0ms | Allocations: 700)
  Rendered microposts/new.html.erb within layouts/application (Duration: 5.5ms | Allocations: 810)
[Webpacker] Everything's up-to-date. Nothing to do
  Rendered layout layouts/application.html.erb (Duration: 15.7ms | Allocations: 4491)
Completed 200 OK in 17ms (Views: 16.5ms | ActiveRecord: 0.0ms | Allocations: 4888)


Started GET "/microposts/new" for 127.0.0.1 at 2021-03-17 02:38:40 +0200
Processing by MicropostsController#new as HTML
Completed 500 Internal Server Error in 5ms (Allocations: 1213)


  
SyntaxError (/Users/nyashachiwutsi/Documents/GitHub/toy_app/app/models/micropost.rb:4: syntax error, unexpected ':', expecting end
    presence: true
            ^):
  
app/models/micropost.rb:4: syntax error, unexpected ':', expecting end
app/models/micropost.rb:4: syntax error, unexpected ':', expecting end
app/models/micropost.rb:4: syntax error, unexpected ':', expecting end
app/controllers/microposts_controller.rb:15:in `new'
Started GET "/microposts/new" for 127.0.0.1 at 2021-03-17 02:39:00 +0200
Processing by MicropostsController#new as HTML
  [1m[35m (0.1ms)[0m  [1m[34mSELECT sqlite_version(*)[0m
  ↳ app/controllers/microposts_controller.rb:15:in `new'
  Rendering layout layouts/application.html.erb
  Rendering microposts/new.html.erb within layouts/application
  Rendered microposts/_form.html.erb (Duration: 3.6ms | Allocations: 866)
  Rendered microposts/new.html.erb within layouts/application (Duration: 4.3ms | Allocations: 981)
[Webpacker] Everything's up-to-date. Nothing to do
  Rendered layout layouts/application.html.erb (Duration: 33.0ms | Allocations: 4782)
Completed 200 OK in 46ms (Views: 33.8ms | ActiveRecord: 0.3ms | Allocations: 9233)


Started GET "/" for 127.0.0.1 at 2021-03-17 02:39:40 +0200
Processing by UsersController#index as HTML
Completed 500 Internal Server Error in 4ms (ActiveRecord: 0.0ms | Allocations: 1193)


  
SyntaxError (/Users/nyashachiwutsi/Documents/GitHub/toy_app/app/models/user.rb:3: syntax error, unexpected ':', expecting end
    validates: name presence: true
             ^
/Users/nyashachiwutsi/Documents/GitHub/toy_app/app/models/user.rb:4: syntax error, unexpected ':', expecting end
    validates: email presence: true
             ^):
  
app/models/user.rb:3: syntax error, unexpected ':', expecting end
app/models/user.rb:4: syntax error, unexpected ':', expecting end
app/models/user.rb:3: syntax error, unexpected ':', expecting end
app/models/user.rb:4: syntax error, unexpected ':', expecting end
app/models/user.rb:3: syntax error, unexpected ':', expecting end
app/models/user.rb:4: syntax error, unexpected ':', expecting end
app/controllers/users_controller.rb:6:in `index'
Started GET "/" for 127.0.0.1 at 2021-03-17 02:39:59 +0200
Processing by UsersController#index as HTML
Completed 500 Internal Server Error in 2ms (Allocations: 1234)


  
SyntaxError (/Users/nyashachiwutsi/Documents/GitHub/toy_app/app/models/user.rb:3: syntax error, unexpected ':', expecting end
    validates: name,
             ^
/Users/nyashachiwutsi/Documents/GitHub/toy_app/app/models/user.rb:5: syntax error, unexpected ':', expecting end
    validates: email,
             ^):
  
app/models/user.rb:3: syntax error, unexpected ':', expecting end
app/models/user.rb:5: syntax error, unexpected ':', expecting end
app/models/user.rb:3: syntax error, unexpected ':', expecting end
app/models/user.rb:5: syntax error, unexpected ':', expecting end
app/models/user.rb:3: syntax error, unexpected ':', expecting end
app/models/user.rb:5: syntax error, unexpected ':', expecting end
app/controllers/users_controller.rb:6:in `index'
Started GET "/" for 127.0.0.1 at 2021-03-17 02:40:33 +0200
Processing by UsersController#index as HTML
Completed 500 Internal Server Error in 2ms (Allocations: 1213)


  
SyntaxError (/Users/nyashachiwutsi/Documents/GitHub/toy_app/app/models/user.rb:5: syntax error, unexpected ':', expecting end
    validates: email,
             ^):
  
app/models/user.rb:5: syntax error, unexpected ':', expecting end
app/models/user.rb:5: syntax error, unexpected ':', expecting end
app/models/user.rb:5: syntax error, unexpected ':', expecting end
app/controllers/users_controller.rb:6:in `index'
Started GET "/" for 127.0.0.1 at 2021-03-17 02:41:25 +0200
Processing by UsersController#index as HTML
Completed 500 Internal Server Error in 2ms (Allocations: 1209)


  
SyntaxError (/Users/nyashachiwutsi/Documents/GitHub/toy_app/app/models/user.rb:3: syntax error, unexpected ':', expecting end
    validates: name, presence: true
             ^):
  
app/models/user.rb:3: syntax error, unexpected ':', expecting end
app/models/user.rb:3: syntax error, unexpected ':', expecting end
app/models/user.rb:3: syntax error, unexpected ':', expecting end
app/controllers/users_controller.rb:6:in `index'
Started GET "/" for 127.0.0.1 at 2021-03-17 02:41:59 +0200
Processing by UsersController#index as HTML
  Rendering layout layouts/application.html.erb
  Rendering users/index.html.erb within layouts/application
  [1m[35m (0.1ms)[0m  [1m[34mSELECT sqlite_version(*)[0m
  ↳ app/views/users/index.html.erb:15
  [1m[36mUser Load (0.5ms)[0m  [1m[34mSELECT "users".* FROM "users"[0m
  ↳ app/views/users/index.html.erb:15
  Rendered users/index.html.erb within layouts/application (Duration: 12.0ms | Allocations: 4578)
[Webpacker] Everything's up-to-date. Nothing to do
  Rendered layout layouts/application.html.erb (Duration: 23.4ms | Allocations: 8243)
Completed 200 OK in 40ms (Views: 24.5ms | ActiveRecord: 1.7ms | Allocations: 10409)


Started GET "/users/new" for 127.0.0.1 at 2021-03-17 02:42:01 +0200
Processing by UsersController#new as HTML
  Rendering layout layouts/application.html.erb
  Rendering users/new.html.erb within layouts/application
  Rendered users/_form.html.erb (Duration: 3.9ms | Allocations: 1021)
  Rendered users/new.html.erb within layouts/application (Duration: 6.7ms | Allocations: 1377)
[Webpacker] Everything's up-to-date. Nothing to do
  Rendered layout layouts/application.html.erb (Duration: 18.4ms | Allocations: 5059)
Completed 200 OK in 23ms (Views: 19.4ms | ActiveRecord: 0.0ms | Allocations: 5579)


Started POST "/users" for 127.0.0.1 at 2021-03-17 02:42:02 +0200
Processing by UsersController#create as HTML
  Parameters: {"authenticity_token"=>"[FILTERED]", "user"=>{"name"=>"", "email"=>""}, "commit"=>"Create User"}
  Rendering layout layouts/application.html.erb
  Rendering users/new.html.erb within layouts/application
  Rendered users/_form.html.erb (Duration: 6.2ms | Allocations: 2748)
  Rendered users/new.html.erb within layouts/application (Duration: 6.9ms | Allocations: 2859)
[Webpacker] Everything's up-to-date. Nothing to do
  Rendered layout layouts/application.html.erb (Duration: 18.6ms | Allocations: 6479)
Completed 422 Unprocessable Entity in 25ms (Views: 19.8ms | ActiveRecord: 0.0ms | Allocations: 7663)


Started GET "/users" for 127.0.0.1 at 2021-03-17 03:07:57 +0200
Processing by UsersController#index as HTML
  Rendering layout layouts/application.html.erb
  Rendering users/index.html.erb within layouts/application
  [1m[35m (0.2ms)[0m  [1m[34mSELECT sqlite_version(*)[0m
  ↳ app/views/users/index.html.erb:15
  [1m[36mUser Load (0.6ms)[0m  [1m[34mSELECT "users".* FROM "users"[0m
  ↳ app/views/users/index.html.erb:15
  Rendered users/index.html.erb within layouts/application (Duration: 16.6ms | Allocations: 1635)
[Webpacker] Everything's up-to-date. Nothing to do
  Rendered layout layouts/application.html.erb (Duration: 41.0ms | Allocations: 5317)
Completed 200 OK in 51ms (Views: 43.8ms | ActiveRecord: 1.6ms | Allocations: 5708)


Started GET "/" for 127.0.0.1 at 2021-07-12 22:56:20 +0200
  [1m[35m (3.5ms)[0m  [1m[34mSELECT sqlite_version(*)[0m
  [1m[35m (1.0ms)[0m  [1m[34mSELECT "schema_migrations"."version" FROM "schema_migrations" ORDER BY "schema_migrations"."version" ASC[0m
Processing by UsersController#index as HTML
  Rendering layout layouts/application.html.erb
  Rendering users/index.html.erb within layouts/application
  [1m[36mUser Load (0.7ms)[0m  [1m[34mSELECT "users".* FROM "users"[0m
  ↳ app/views/users/index.html.erb:15
  Rendered users/index.html.erb within layouts/application (Duration: 13.1ms | Allocations: 4539)
[Webpacker] Everything's up-to-date. Nothing to do
  Rendered layout layouts/application.html.erb (Duration: 55.0ms | Allocations: 15170)
Completed 200 OK in 118ms (Views: 75.7ms | ActiveRecord: 1.5ms | Allocations: 21434)


Started GET "/users/new" for 127.0.0.1 at 2021-07-12 22:56:23 +0200
Processing by UsersController#new as HTML
  Rendering layout layouts/application.html.erb
  Rendering users/new.html.erb within layouts/application
  Rendered users/_form.html.erb (Duration: 37.7ms | Allocations: 5761)
  Rendered users/new.html.erb within layouts/application (Duration: 39.9ms | Allocations: 6130)
[Webpacker] Everything's up-to-date. Nothing to do
  Rendered layout layouts/application.html.erb (Duration: 50.6ms | Allocations: 9814)
Completed 200 OK in 53ms (Views: 51.7ms | ActiveRecord: 0.0ms | Allocations: 10366)


Started GET "/users" for 127.0.0.1 at 2021-07-12 22:56:35 +0200
Processing by UsersController#index as HTML
  Rendering layout layouts/application.html.erb
  Rendering users/index.html.erb within layouts/application
  [1m[36mUser Load (0.3ms)[0m  [1m[34mSELECT "users".* FROM "users"[0m
  ↳ app/views/users/index.html.erb:15
  Rendered users/index.html.erb within layouts/application (Duration: 5.7ms | Allocations: 928)
[Webpacker] Everything's up-to-date. Nothing to do
  Rendered layout layouts/application.html.erb (Duration: 30.1ms | Allocations: 5220)
Completed 200 OK in 32ms (Views: 30.8ms | ActiveRecord: 0.3ms | Allocations: 5623)


Started GET "/users/2" for 127.0.0.1 at 2021-07-12 22:56:37 +0200
Processing by UsersController#show as HTML
  Parameters: {"id"=>"2"}
  [1m[36mUser Load (0.8ms)[0m  [1m[34mSELECT "users".* FROM "users" WHERE "users"."id" = ? LIMIT ?[0m  [["id", 2], ["LIMIT", 1]]
  ↳ app/controllers/users_controller.rb:62:in `set_user'
  Rendering layout layouts/application.html.erb
  Rendering users/show.html.erb within layouts/application
  Rendered users/show.html.erb within layouts/application (Duration: 2.2ms | Allocations: 314)
[Webpacker] Everything's up-to-date. Nothing to do
  Rendered layout layouts/application.html.erb (Duration: 19.7ms | Allocations: 4552)
Completed 200 OK in 36ms (Views: 21.3ms | ActiveRecord: 0.8ms | Allocations: 6469)


Started GET "/users/2/edit" for 127.0.0.1 at 2021-07-12 22:56:39 +0200
Processing by UsersController#edit as HTML
  Parameters: {"id"=>"2"}
  [1m[36mUser Load (0.4ms)[0m  [1m[34mSELECT "users".* FROM "users" WHERE "users"."id" = ? LIMIT ?[0m  [["id", 2], ["LIMIT", 1]]
  ↳ app/controllers/users_controller.rb:62:in `set_user'
  Rendering layout layouts/application.html.erb
  Rendering users/edit.html.erb within layouts/application
  Rendered users/_form.html.erb (Duration: 4.0ms | Allocations: 752)
  Rendered users/edit.html.erb within layouts/application (Duration: 8.1ms | Allocations: 1054)
[Webpacker] Everything's up-to-date. Nothing to do
  Rendered layout layouts/application.html.erb (Duration: 27.2ms | Allocations: 5322)
Completed 200 OK in 35ms (Views: 28.3ms | ActiveRecord: 0.4ms | Allocations: 6406)


Started GET "/users" for 127.0.0.1 at 2021-07-12 22:56:41 +0200
Processing by UsersController#index as HTML
  Rendering layout layouts/application.html.erb
  Rendering users/index.html.erb within layouts/application
  [1m[36mUser Load (0.4ms)[0m  [1m[34mSELECT "users".* FROM "users"[0m
  ↳ app/views/users/index.html.erb:15
  Rendered users/index.html.erb within layouts/application (Duration: 9.9ms | Allocations: 926)
[Webpacker] Everything's up-to-date. Nothing to do
  Rendered layout layouts/application.html.erb (Duration: 30.9ms | Allocations: 4610)
Completed 200 OK in 34ms (Views: 32.5ms | ActiveRecord: 0.4ms | Allocations: 5012)


Started GET "/users/new" for 127.0.0.1 at 2021-07-12 22:56:45 +0200
Processing by UsersController#new as HTML
  Rendering layout layouts/application.html.erb
  Rendering users/new.html.erb within layouts/application
  Rendered users/_form.html.erb (Duration: 4.3ms | Allocations: 692)
  Rendered users/new.html.erb within layouts/application (Duration: 5.2ms | Allocations: 802)
[Webpacker] Everything's up-to-date. Nothing to do
  Rendered layout layouts/application.html.erb (Duration: 29.9ms | Allocations: 4522)
Completed 200 OK in 35ms (Views: 30.9ms | ActiveRecord: 0.0ms | Allocations: 5348)


Started POST "/users" for 127.0.0.1 at 2021-07-12 22:57:00 +0200
Processing by UsersController#create as HTML
  Parameters: {"authenticity_token"=>"[FILTERED]", "user"=>{"name"=>"Troy", "email"=>"troy@troys.com"}, "commit"=>"Create User"}
  [1m[36mTRANSACTION (0.1ms)[0m  [1m[36mbegin transaction[0m
  ↳ app/controllers/users_controller.rb:27:in `block in create'
  [1m[36mUser Create (3.7ms)[0m  [1m[32mINSERT INTO "users" ("name", "email", "created_at", "updated_at") VALUES (?, ?, ?, ?)[0m  [["name", "Troy"], ["email", "troy@troys.com"], ["created_at", "2021-07-12 20:57:00.468375"], ["updated_at", "2021-07-12 20:57:00.468375"]]
  ↳ app/controllers/users_controller.rb:27:in `block in create'
  [1m[36mTRANSACTION (1.7ms)[0m  [1m[36mcommit transaction[0m
  ↳ app/controllers/users_controller.rb:27:in `block in create'
Redirected to http://127.0.0.1:3000/users/5
Completed 302 Found in 20ms (ActiveRecord: 5.4ms | Allocations: 2817)


Started GET "/users/5" for 127.0.0.1 at 2021-07-12 22:57:00 +0200
Processing by UsersController#show as HTML
  Parameters: {"id"=>"5"}
  [1m[36mUser Load (0.2ms)[0m  [1m[34mSELECT "users".* FROM "users" WHERE "users"."id" = ? LIMIT ?[0m  [["id", 5], ["LIMIT", 1]]
  ↳ app/controllers/users_controller.rb:62:in `set_user'
  Rendering layout layouts/application.html.erb
  Rendering users/show.html.erb within layouts/application
  Rendered users/show.html.erb within layouts/application (Duration: 0.3ms | Allocations: 104)
[Webpacker] Everything's up-to-date. Nothing to do
  Rendered layout layouts/application.html.erb (Duration: 6.9ms | Allocations: 3786)
Completed 200 OK in 10ms (Views: 7.5ms | ActiveRecord: 0.2ms | Allocations: 4730)


Started GET "/users/5/edit" for 127.0.0.1 at 2021-07-12 22:57:03 +0200
Processing by UsersController#edit as HTML
  Parameters: {"id"=>"5"}
  [1m[36mUser Load (0.4ms)[0m  [1m[34mSELECT "users".* FROM "users" WHERE "users"."id" = ? LIMIT ?[0m  [["id", 5], ["LIMIT", 1]]
  ↳ app/controllers/users_controller.rb:62:in `set_user'
  Rendering layout layouts/application.html.erb
  Rendering users/edit.html.erb within layouts/application
  Rendered users/_form.html.erb (Duration: 2.6ms | Allocations: 722)
  Rendered users/edit.html.erb within layouts/application (Duration: 3.3ms | Allocations: 858)
[Webpacker] Everything's up-to-date. Nothing to do
  Rendered layout layouts/application.html.erb (Duration: 19.5ms | Allocations: 5155)
Completed 200 OK in 27ms (Views: 20.6ms | ActiveRecord: 0.4ms | Allocations: 6091)


Started GET "/users" for 127.0.0.1 at 2021-07-12 22:57:05 +0200
Processing by UsersController#index as HTML
  Rendering layout layouts/application.html.erb
  Rendering users/index.html.erb within layouts/application
  [1m[36mUser Load (0.5ms)[0m  [1m[34mSELECT "users".* FROM "users"[0m
  ↳ app/views/users/index.html.erb:15
  Rendered users/index.html.erb within layouts/application (Duration: 5.9ms | Allocations: 1024)
[Webpacker] Everything's up-to-date. Nothing to do
  Rendered layout layouts/application.html.erb (Duration: 25.1ms | Allocations: 5322)
Completed 200 OK in 27ms (Views: 25.6ms | ActiveRecord: 0.5ms | Allocations: 5716)


Started GET "/users/2" for 127.0.0.1 at 2021-07-12 22:57:09 +0200
Processing by UsersController#show as HTML
  Parameters: {"id"=>"2"}
  [1m[36mUser Load (0.3ms)[0m  [1m[34mSELECT "users".* FROM "users" WHERE "users"."id" = ? LIMIT ?[0m  [["id", 2], ["LIMIT", 1]]
  ↳ app/controllers/users_controller.rb:62:in `set_user'
  Rendering layout layouts/application.html.erb
  Rendering users/show.html.erb within layouts/application
  Rendered users/show.html.erb within layouts/application (Duration: 0.7ms | Allocations: 102)
[Webpacker] Everything's up-to-date. Nothing to do
  Rendered layout layouts/application.html.erb (Duration: 43.5ms | Allocations: 4399)
Completed 200 OK in 49ms (Views: 44.3ms | ActiveRecord: 0.3ms | Allocations: 5336)


Started GET "/users" for 127.0.0.1 at 2021-07-12 22:57:11 +0200
Processing by UsersController#index as HTML
  Rendering layout layouts/application.html.erb
  Rendering users/index.html.erb within layouts/application
  [1m[36mUser Load (0.3ms)[0m  [1m[34mSELECT "users".* FROM "users"[0m
  ↳ app/views/users/index.html.erb:15
  Rendered users/index.html.erb within layouts/application (Duration: 7.6ms | Allocations: 1018)
[Webpacker] Everything's up-to-date. Nothing to do
  Rendered layout layouts/application.html.erb (Duration: 38.6ms | Allocations: 5307)
Completed 200 OK in 41ms (Views: 40.0ms | ActiveRecord: 0.3ms | Allocations: 5701)


Started GET "/users/3/edit" for 127.0.0.1 at 2021-07-12 22:57:12 +0200
Processing by UsersController#edit as HTML
  Parameters: {"id"=>"3"}
  [1m[36mUser Load (0.2ms)[0m  [1m[34mSELECT "users".* FROM "users" WHERE "users"."id" = ? LIMIT ?[0m  [["id", 3], ["LIMIT", 1]]
  ↳ app/controllers/users_controller.rb:62:in `set_user'
  Rendering layout layouts/application.html.erb
  Rendering users/edit.html.erb within layouts/application
  Rendered users/_form.html.erb (Duration: 3.8ms | Allocations: 722)
  Rendered users/edit.html.erb within layouts/application (Duration: 4.7ms | Allocations: 858)
[Webpacker] Everything's up-to-date. Nothing to do
  Rendered layout layouts/application.html.erb (Duration: 25.7ms | Allocations: 5150)
Completed 200 OK in 31ms (Views: 26.6ms | ActiveRecord: 0.2ms | Allocations: 6087)


Started GET "/users" for 127.0.0.1 at 2021-07-12 22:57:14 +0200
Processing by UsersController#index as HTML
  Rendering layout layouts/application.html.erb
  Rendering users/index.html.erb within layouts/application
  [1m[36mUser Load (0.5ms)[0m  [1m[34mSELECT "users".* FROM "users"[0m
  ↳ app/views/users/index.html.erb:15
  Rendered users/index.html.erb within layouts/application (Duration: 6.4ms | Allocations: 1017)
[Webpacker] Everything's up-to-date. Nothing to do
  Rendered layout layouts/application.html.erb (Duration: 29.8ms | Allocations: 4699)
Completed 200 OK in 33ms (Views: 30.4ms | ActiveRecord: 0.5ms | Allocations: 5121)


